restAPI>>DB1>>conn>>WARNING>>1724789866510
BIP9318E<<Request to 'PreSetupValidate' resource 'restAPI', 'restAPI' of type 'RestAPI' failed. <<1724789866510
BIP2496E<<(.postStringMal_Compute.CopyEntireMessage, 12.13) : Illegal data type for target. A non-list field reference is required. <<1724789866510
BIP9333W<<RestAPI 'restAPI' has been changed but contains errors which has prevented some resources from starting. <<1724789866510
BIP1096E<<The source 'restAPIproject.generated.bar' has been deployed but there were one or more failures which may mean the deployed resources will be unable to execute. <<1724789866510
restAPI>>DB1>>conn>>SUCCESS>>1724789895830
BIP9332I<<RestAPI 'restAPI' has been changed successfully. <<1724789895830
BIP9326I<<The source 'restAPIproject.generated.bar' has been successfully deployed. <<1724789895830
restAPI>>DB1>>conn>>SUCCESS>>1724790081495
BIP9332I<<RestAPI 'restAPI' has been changed successfully. <<1724790081495
BIP9326I<<The source 'restAPIproject.generated.bar' has been successfully deployed. <<1724790081495
restAPI>>DB1>>conn>>SUCCESS>>1724794591587
BIP9332I<<RestAPI 'restAPI' has been changed successfully. <<1724794591587
BIP9326I<<The source 'restAPIproject.generated.bar' has been successfully deployed. <<1724794591587
route_practice>>DB1>>conn>>SUCCESS>>1724796198478
BIP9332I<<Application 'route_practice' has been created successfully. <<1724796198478
BIP9326I<<The source 'route_practiceproject.generated.bar' has been successfully deployed. <<1724796198478
route_practice>>DB1>>conn>>SUCCESS>>1724796654152
BIP9332I<<Application 'route_practice' has been changed successfully. <<1724796654152
BIP9326I<<The source 'route_practiceproject.generated.bar' has been successfully deployed. <<1724796654152
route_practice>>DB1>>conn>>SUCCESS>>1724797164387
BIP9332I<<Application 'route_practice' has been changed successfully. <<1724797164387
BIP9326I<<The source 'route_practiceproject.generated.bar' has been successfully deployed. <<1724797164387
route_practice>>DB1>>conn>>SUCCESS>>1724797254326
BIP9332I<<Application 'route_practice' has been changed successfully. <<1724797254326
BIP9326I<<The source 'route_practiceproject.generated.bar' has been successfully deployed. <<1724797254326
route_practice>>DB1>>conn>>SUCCESS>>1724797312221
BIP9332I<<Application 'route_practice' has been changed successfully. <<1724797312221
BIP9326I<<The source 'route_practiceproject.generated.bar' has been successfully deployed. <<1724797312221
route_practice>>DB1>>conn>>WARNING>>1724799728788
BIP9318E<<Request to 'PreSetupValidate' resource 'route_practice', 'route_practice' of type 'Application' failed. <<1724799728788
BIP2432E<<(.filter_Filter.Main, 4.28) : The correlation name 'InputRoot.XMLNSC' is not valid. Those in scope are: Environment, LocalEnvironment, Root, Body, Properties, ExceptionList, DestinationList, var. <<1724799728788
BIP9333W<<Application 'route_practice' has been changed but contains errors which has prevented some resources from starting. <<1724799728788
BIP1096E<<The source 'route_practiceproject.generated.bar' has been deployed but there were one or more failures which may mean the deployed resources will be unable to execute. <<1724799728788
route_practice>>DB1>>conn>>SUCCESS>>1724799761081
BIP9332I<<Application 'route_practice' has been changed successfully. <<1724799761081
BIP9326I<<The source 'route_practiceproject.generated.bar' has been successfully deployed. <<1724799761081
route_practice>>DB1>>conn>>SUCCESS>>1724802010425
BIP9332I<<Application 'route_practice' has been changed successfully. <<1724802010425
BIP9326I<<The source 'route_practiceproject.generated.bar' has been successfully deployed. <<1724802010425
route_practice>>DB1>>conn>>SUCCESS>>1724802028535
BIP9332I<<Application 'route_practice' has been changed successfully. <<1724802028535
BIP9326I<<The source 'route_practiceproject.generated.bar' has been successfully deployed. <<1724802028535
route_practice>>DB1>>conn>>SUCCESS>>1724802360852
BIP9332I<<Application 'route_practice' has been changed successfully. <<1724802360852
BIP9326I<<The source 'route_practiceproject.generated.bar' has been successfully deployed. <<1724802360852
route_practice>>DB1>>conn>>SUCCESS>>1724802513658
BIP9332I<<Application 'route_practice' has been changed successfully. <<1724802513658
BIP9326I<<The source 'route_practiceproject.generated.bar' has been successfully deployed. <<1724802513658
route_practice>>DB1>>conn>>SUCCESS>>1724802711100
BIP9332I<<Application 'route_practice' has been changed successfully. <<1724802711100
BIP9326I<<The source 'route_practiceproject.generated.bar' has been successfully deployed. <<1724802711100
route_practice>>DB1>>conn>>SUCCESS>>1724802934120
BIP9332I<<Application 'route_practice' has been changed successfully. <<1724802934120
BIP9326I<<The source 'route_practiceproject.generated.bar' has been successfully deployed. <<1724802934120
route_practice>>DB1>>conn>>SUCCESS>>1724803712001
BIP9332I<<Application 'route_practice' has been changed successfully. <<1724803712001
BIP9326I<<The source 'route_practiceproject.generated.bar' has been successfully deployed. <<1724803712001
route_practice>>DB1>>conn>>SUCCESS>>1724862627248
BIP9332I<<Application 'route_practice' has been changed successfully. <<1724862627248
BIP9326I<<The source 'route_practiceproject.generated.bar' has been successfully deployed. <<1724862627248
route_practice>>DB1>>conn>>WARNING>>1724862896672
BIP9318E<<Request to 'PreSetupValidate' resource 'route_practice', 'route_practice' of type 'Application' failed. <<1724862896672
BIP2432E<<(.route_to_lable_Compute.CopyEntireMessage, 2.28) : The correlation name 'Root.XMLNSC.id' is not valid. Those in scope are: Environment, InputLocalEnvironment, OutputLocalEnvironment, InputRoot, InputBody, InputProperties, OutputRoot, InputExceptionList, OutputExceptionList, InputDestinationList, OutputDestinationList, var. <<1724862896672
BIP9333W<<Application 'route_practice' has been changed but contains errors which has prevented some resources from starting. <<1724862896672
BIP1096E<<The source 'route_practiceproject.generated.bar' has been deployed but there were one or more failures which may mean the deployed resources will be unable to execute. <<1724862896672
route_practice>>DB1>>conn>>SUCCESS>>1724862920908
BIP9332I<<Application 'route_practice' has been changed successfully. <<1724862920908
BIP9326I<<The source 'route_practiceproject.generated.bar' has been successfully deployed. <<1724862920908
route_practice>>DB1>>conn>>SUCCESS>>1724863153734
BIP9332I<<Application 'route_practice' has been changed successfully. <<1724863153734
BIP9326I<<The source 'route_practiceproject.generated.bar' has been successfully deployed. <<1724863153734
route_practice>>DB1>>conn>>SUCCESS>>1724863249582
BIP9332I<<Application 'route_practice' has been changed successfully. <<1724863249582
BIP9326I<<The source 'route_practiceproject.generated.bar' has been successfully deployed. <<1724863249582
route_practice>>DB1>>conn>>SUCCESS>>1724863269719
BIP9332I<<Application 'route_practice' has been changed successfully. <<1724863269719
BIP9326I<<The source 'route_practiceproject.generated.bar' has been successfully deployed. <<1724863269719
route_practice>>DB1>>conn>>SUCCESS>>1724864161673
BIP9332I<<Application 'route_practice' has been changed successfully. <<1724864161673
BIP9326I<<The source 'route_practiceproject.generated.bar' has been successfully deployed. <<1724864161673
SOAP_app2>>DB1>>conn>>SUCCESS>>1724865026974
BIP9332I<<Application 'SOAP_app2' has been created successfully. <<1724865026974
BIP9326I<<The source 'SOAP_app2project.generated.bar' has been successfully deployed. <<1724865026974
Http_override>>DB1>>conn>>SUCCESS>>1724865556148
BIP9332I<<Application 'Http_override' has been created successfully. <<1724865556148
BIP9326I<<The source 'Http_overrideproject.generated.bar' has been successfully deployed. <<1724865556148
Http_override>>DB1>>conn>>SUCCESS>>1724865620937
BIP9332I<<Application 'Http_override' has been changed successfully. <<1724865620937
BIP9326I<<The source 'Http_overrideproject.generated.bar' has been successfully deployed. <<1724865620937
Timeout_app>>DB1>>conn>>SUCCESS>>1724874816870
BIP9332I<<Application 'Timeout_app' has been created successfully. <<1724874816870
BIP9326I<<The source 'Timeout_appproject.generated.bar' has been successfully deployed. <<1724874816870
Timeout_app>>DB1>>conn>>WARNING>>1724875938496
BIP9320E<<Message Flow 't1', 't1' encountered a failure and could not start. <<1724875938496
BIP2685E<<The node of type 'TimeoutNotification' named 'Timeout Notification' requires a queue manager to be specified on the integration node. <<1724875938496
BIP9333W<<Application 'Timeout_app' has been created but contains errors which has prevented some resources from starting. <<1724875938496
BIP1096E<<The source 'Timeout_appproject.generated.bar' has been deployed but there were one or more failures which may mean the deployed resources will be unable to execute. <<1724875938496
Timeout_app>>override2>>over2>>SUCCESS>>1724876194276
BIP9332I<<Application 'Timeout_app' has been created successfully. <<1724876194276
BIP9326I<<The source 'Timeout_appproject.generated.bar' has been successfully deployed. <<1724876194276
Timeout_app>>override2>>over2>>SUCCESS>>1724876231484
BIP9332I<<Application 'Timeout_app' has been changed successfully. <<1724876231484
BIP9326I<<The source 'Timeout_appproject.generated.bar' has been successfully deployed. <<1724876231484
Timeout_app>>override2>>over2>>SUCCESS>>1724876351877
BIP9332I<<Application 'Timeout_app' has been changed successfully. <<1724876351877
BIP9326I<<The source 'Timeout_appproject.generated.bar' has been successfully deployed. <<1724876351877
Timeout_app>>override2>>over2>>SUCCESS>>1724876871706
BIP9332I<<Application 'Timeout_app' has been changed successfully. <<1724876871706
BIP9326I<<The source 'Timeout_appproject.generated.bar' has been successfully deployed. <<1724876871706
Timeout_app>>override2>>over2>>SUCCESS>>1724876954503
BIP9332I<<Application 'Timeout_app' has been changed successfully. <<1724876954503
BIP9326I<<The source 'Timeout_appproject.generated.bar' has been successfully deployed. <<1724876954503
Timeout_app>>override2>>over2>>SUCCESS>>1724877473977
BIP9332I<<Application 'Timeout_app' has been changed successfully. <<1724877473977
BIP9326I<<The source 'Timeout_appproject.generated.bar' has been successfully deployed. <<1724877473977
Timeout_app>>override2>>over2>>SUCCESS>>1724877495230
BIP9332I<<Application 'Timeout_app' has been changed successfully. <<1724877495230
BIP9326I<<The source 'Timeout_appproject.generated.bar' has been successfully deployed. <<1724877495230
Timeout_app>>override2>>over2>>SUCCESS>>1724877734937
BIP9332I<<Application 'Timeout_app' has been created successfully. <<1724877734937
BIP9326I<<The source 'Timeout_appproject.generated.bar' has been successfully deployed. <<1724877734937
Timeout_app>>override2>>over2>>SUCCESS>>1724877776808
BIP9332I<<Application 'Timeout_app' has been created successfully. <<1724877776808
BIP9326I<<The source 'Timeout_appproject.generated.bar' has been successfully deployed. <<1724877776808
Timeout_app>>override2>>over1>>SUCCESS>>1724878326458
BIP9332I<<Application 'Timeout_app' has been created successfully. <<1724878326458
BIP9326I<<The source 'Timeout_appproject.generated.bar' has been successfully deployed. <<1724878326458
Timeout_app>>override2>>over1>>SUCCESS>>1724878396909
BIP9332I<<Application 'Timeout_app' has been changed successfully. <<1724878396909
BIP9326I<<The source 'Timeout_appproject.generated.bar' has been successfully deployed. <<1724878396909
Timeout_app>>override2>>over1>>SUCCESS>>1724878915329
BIP9332I<<Application 'Timeout_app' has been created successfully. <<1724878915329
BIP9326I<<The source 'Timeout_appproject.generated.bar' has been successfully deployed. <<1724878915329
Time_out_2>>override2>>over1>>SUCCESS>>1724879434480
BIP9332I<<Application 'Time_out_2' has been created successfully. <<1724879434480
BIP9326I<<The source 'Time_out_2project.generated.bar' has been successfully deployed. <<1724879434480
Time_out_2>>override2>>over1>>SUCCESS>>1724879613048
BIP9332I<<Application 'Time_out_2' has been created successfully. <<1724879613048
BIP9326I<<The source 'Time_out_2project.generated.bar' has been successfully deployed. <<1724879613048
Time_out_2>>override2>>over1>>SUCCESS>>1724879674023
BIP9332I<<Application 'Time_out_2' has been created successfully. <<1724879674023
BIP9326I<<The source 'Time_out_2project.generated.bar' has been successfully deployed. <<1724879674023
Time_out_2>>override2>>over1>>SUCCESS>>1724879927446
BIP9332I<<Application 'Time_out_2' has been created successfully. <<1724879927446
BIP9326I<<The source 'Time_out_2project.generated.bar' has been successfully deployed. <<1724879927446
Time_out_2>>override2>>over1>>SUCCESS>>1724880275400
BIP9332I<<Application 'Time_out_2' has been created successfully. <<1724880275400
BIP9326I<<The source 'Time_out_2project.generated.bar' has been successfully deployed. <<1724880275400
Time_out_2>>override2>>over1>>SUCCESS>>1724880453524
BIP9332I<<Application 'Time_out_2' has been changed successfully. <<1724880453524
BIP9326I<<The source 'Time_out_2project.generated.bar' has been successfully deployed. <<1724880453524
Time_out_2>>override2>>over1>>SUCCESS>>1724880470413
BIP9332I<<Application 'Time_out_2' has been changed successfully. <<1724880470413
BIP9326I<<The source 'Time_out_2project.generated.bar' has been successfully deployed. <<1724880470413
timeout_sheduler>>override2>>over1>>SUCCESS>>1724880790082
BIP9332I<<Application 'timeout_sheduler' has been created successfully. <<1724880790082
BIP9326I<<The source 'timeout_shedulerproject.generated.bar' has been successfully deployed. <<1724880790082
timeout_sheduler>>override2>>over1>>SUCCESS>>1724880841628
BIP9332I<<Application 'timeout_sheduler' has been created successfully. <<1724880841628
BIP9326I<<The source 'timeout_shedulerproject.generated.bar' has been successfully deployed. <<1724880841628
timeout_sheduler>>override2>>over1>>SUCCESS>>1724881089485
BIP9332I<<Application 'timeout_sheduler' has been created successfully. <<1724881089485
BIP9326I<<The source 'timeout_shedulerproject.generated.bar' has been successfully deployed. <<1724881089485
route_practice>>DB1>>conn>>WARNING>>1724890905306
BIP9320E<<Message Flow 'sequences', 'sequences' encountered a failure and could not start. <<1724890905306
BIP2685E<<The node of type 'ReSequence' named 'Resequence' requires a queue manager to be specified on the integration node. <<1724890905306
BIP9333W<<Application 'route_practice' has been created but contains errors which has prevented some resources from starting. <<1724890905306
BIP1096E<<The source 'route_practiceproject.generated.bar' has been deployed but there were one or more failures which may mean the deployed resources will be unable to execute. <<1724890905306
route_practice>>override2>>over1>>SUCCESS>>1724890981890
BIP9332I<<Application 'route_practice' has been created successfully. <<1724890981890
BIP9326I<<The source 'route_practiceproject.generated.bar' has been successfully deployed. <<1724890981890
route_practice>>override2>>over1>>SUCCESS>>1724891175491
BIP9332I<<Application 'route_practice' has been changed successfully. <<1724891175491
BIP9326I<<The source 'route_practiceproject.generated.bar' has been successfully deployed. <<1724891175491
route_practice>>override2>>over1>>SUCCESS>>1724945986177
BIP9332I<<Application 'route_practice' has been created successfully. <<1724945986177
BIP9326I<<The source 'route_practiceproject.generated.bar' has been successfully deployed. <<1724945986177
route_practice>>override2>>over1>>SUCCESS>>1724946698501
BIP9332I<<Application 'route_practice' has been changed successfully. <<1724946698501
BIP9326I<<The source 'route_practiceproject.generated.bar' has been successfully deployed. <<1724946698501
route_practice>>override2>>over1>>SUCCESS>>1724946933231
BIP9332I<<Application 'route_practice' has been changed successfully. <<1724946933231
BIP9326I<<The source 'route_practiceproject.generated.bar' has been successfully deployed. <<1724946933231
mq_pracice>>override2>>over1>>SUCCESS>>1724949588462
BIP9332I<<Application 'mq_pracice' has been created successfully. <<1724949588462
BIP9326I<<The source 'mq_praciceproject.generated.bar' has been successfully deployed. <<1724949588462
route_practice>>override2>>over1>>SUCCESS>>1724949809579
BIP9332I<<Application 'route_practice' has been created successfully. <<1724949809579
BIP9326I<<The source 'route_practiceproject.generated.bar' has been successfully deployed. <<1724949809579
mq_pracice>>override2>>over1>>SUCCESS>>1724950314930
BIP9332I<<Application 'mq_pracice' has been created successfully. <<1724950314930
BIP9326I<<The source 'mq_praciceproject.generated.bar' has been successfully deployed. <<1724950314930
mq_pracice>>override2>>over1>>SUCCESS>>1724950511520
BIP9332I<<Application 'mq_pracice' has been created successfully. <<1724950511520
BIP9326I<<The source 'mq_praciceproject.generated.bar' has been successfully deployed. <<1724950511520
mq_pracice>>override2>>over1>>SUCCESS>>1724951007600
BIP9332I<<Application 'mq_pracice' has been changed successfully. <<1724951007600
BIP9326I<<The source 'mq_praciceproject.generated.bar' has been successfully deployed. <<1724951007600
mq_pracice>>override2>>over1>>SUCCESS>>1724951184230
BIP9332I<<Application 'mq_pracice' has been changed successfully. <<1724951184230
BIP9326I<<The source 'mq_praciceproject.generated.bar' has been successfully deployed. <<1724951184230
mq_pracice>>override2>>over1>>SUCCESS>>1724951544302
BIP9332I<<Application 'mq_pracice' has been changed successfully. <<1724951544302
BIP9326I<<The source 'mq_praciceproject.generated.bar' has been successfully deployed. <<1724951544302
mq_pracice>>override2>>over1>>SUCCESS>>1724951852238
BIP9332I<<Application 'mq_pracice' has been changed successfully. <<1724951852238
BIP9326I<<The source 'mq_praciceproject.generated.bar' has been successfully deployed. <<1724951852238
mq_pracice>>override2>>over1>>SUCCESS>>1724951919387
BIP9332I<<Application 'mq_pracice' has been changed successfully. <<1724951919387
BIP9326I<<The source 'mq_praciceproject.generated.bar' has been successfully deployed. <<1724951919387
mq_pracice>>override2>>over1>>SUCCESS>>1724951974720
BIP9332I<<Application 'mq_pracice' has been created successfully. <<1724951974720
BIP9326I<<The source 'mq_praciceproject.generated.bar' has been successfully deployed. <<1724951974720
mq_pracice>>override2>>over1>>SUCCESS>>1724952317931
BIP9332I<<Application 'mq_pracice' has been changed successfully. <<1724952317931
BIP9326I<<The source 'mq_praciceproject.generated.bar' has been successfully deployed. <<1724952317931
mq_pracice>>override2>>over1>>SUCCESS>>1724960457475
BIP9332I<<Application 'mq_pracice' has been created successfully. <<1724960457475
BIP9326I<<The source 'mq_praciceproject.generated.bar' has been successfully deployed. <<1724960457475
mq_pracice>>override2>>over1>>SUCCESS>>1724960755945
BIP9332I<<Application 'mq_pracice' has been changed successfully. <<1724960755945
BIP9326I<<The source 'mq_praciceproject.generated.bar' has been successfully deployed. <<1724960755945
mq_pracice>>override2>>over1>>SUCCESS>>1724960936749
BIP9332I<<Application 'mq_pracice' has been changed successfully. <<1724960936749
BIP9326I<<The source 'mq_praciceproject.generated.bar' has been successfully deployed. <<1724960936749
mq_pracice>>override2>>over1>>SUCCESS>>1724961268583
BIP9332I<<Application 'mq_pracice' has been created successfully. <<1724961268583
BIP9326I<<The source 'mq_praciceproject.generated.bar' has been successfully deployed. <<1724961268583
mq_pracice>>override2>>over1>>SUCCESS>>1724962737866
BIP9332I<<Application 'mq_pracice' has been created successfully. <<1724962737866
BIP9326I<<The source 'mq_praciceproject.generated.bar' has been successfully deployed. <<1724962737866
mq_pracice>>override2>>over1>>SUCCESS>>1724963051321
BIP9332I<<Application 'mq_pracice' has been created successfully. <<1724963051321
BIP9326I<<The source 'mq_praciceproject.generated.bar' has been successfully deployed. <<1724963051321
mq_pracice>>override2>>over1>>SUCCESS>>1724963357171
BIP9332I<<Application 'mq_pracice' has been created successfully. <<1724963357171
BIP9326I<<The source 'mq_praciceproject.generated.bar' has been successfully deployed. <<1724963357171
practice>>override2>>over1>>SUCCESS>>1724963912346
BIP9332I<<Application 'practice' has been created successfully. <<1724963912346
BIP9326I<<The source 'practiceproject.generated.bar' has been successfully deployed. <<1724963912346
practice>>override2>>over1>>SUCCESS>>1724965307523
BIP9332I<<Application 'practice' has been changed successfully. <<1724965307523
BIP9326I<<The source 'practiceproject.generated.bar' has been successfully deployed. <<1724965307523
practice2>>override2>>over1>>SUCCESS>>1724965322040
BIP9332I<<Application 'practice2' has been created successfully. <<1724965322040
BIP9326I<<The source 'practice2project.generated.bar' has been successfully deployed. <<1724965322040
practice2>>override2>>over1>>SUCCESS>>1724965401093
BIP9332I<<Application 'practice2' has been changed successfully. <<1724965401093
BIP9326I<<The source 'practice2project.generated.bar' has been successfully deployed. <<1724965401093
practice>>override2>>over1>>SUCCESS>>1724965410592
BIP9332I<<Application 'practice' has been changed successfully. <<1724965410592
BIP9326I<<The source 'practiceproject.generated.bar' has been successfully deployed. <<1724965410592
File_csv>>override2>>over1>>SUCCESS>>1725035130776
BIP9332I<<Application 'File_csv' has been created successfully. <<1725035130776
BIP9326I<<The source 'File_csvproject.generated.bar' has been successfully deployed. <<1725035130776
File_csv>>override2>>over1>>SUCCESS>>1725035241042
BIP9332I<<Application 'File_csv' has been changed successfully. <<1725035241042
BIP9326I<<The source 'File_csvproject.generated.bar' has been successfully deployed. <<1725035241042
File_csv>>override2>>over1>>SUCCESS>>1725035351986
BIP9332I<<Application 'File_csv' has been changed successfully. <<1725035351986
BIP9326I<<The source 'File_csvproject.generated.bar' has been successfully deployed. <<1725035351986
override_2>>override2>>over1>>SUCCESS>>1725060211710
BIP9332I<<Application 'override_2' has been created successfully. <<1725060211710
BIP9326I<<The source 'override_2project.generated.bar' has been successfully deployed. <<1725060211710
override_2>>override2>>over1>>SUCCESS>>1725060573843
BIP9332I<<Application 'override_2' has been changed successfully. <<1725060573843
BIP9326I<<The source 'override_2project.generated.bar' has been successfully deployed. <<1725060573843
override_2>>override2>>over1>>SUCCESS>>1725060705960
BIP9332I<<Application 'override_2' has been created successfully. <<1725060705960
BIP9326I<<The source 'override_2project.generated.bar' has been successfully deployed. <<1725060705960
override_2>>override2>>over1>>SUCCESS>>1725060755356
BIP9332I<<Application 'override_2' has been changed successfully. <<1725060755356
BIP9326I<<The source 'override_2project.generated.bar' has been successfully deployed. <<1725060755356
fake>>override2>>over1>>SUCCESS>>1725062480087
BIP9332I<<Application 'fake' has been created successfully. <<1725062480087
BIP9326I<<The source 'fakeproject.generated.bar' has been successfully deployed. <<1725062480087
fake>>override2>>over1>>SUCCESS>>1725062752069
BIP9332I<<Application 'fake' has been changed successfully. <<1725062752069
BIP9326I<<The source 'fakeproject.generated.bar' has been successfully deployed. <<1725062752069
fake>>override2>>over1>>SUCCESS>>1725062811037
BIP9332I<<Application 'fake' has been changed successfully. <<1725062811037
BIP9326I<<The source 'fakeproject.generated.bar' has been successfully deployed. <<1725062811037
fake>>override2>>over1>>SUCCESS>>1725062904124
BIP9332I<<Application 'fake' has been changed successfully. <<1725062904124
BIP9326I<<The source 'fakeproject.generated.bar' has been successfully deployed. <<1725062904124
fake>>override2>>over1>>SUCCESS>>1725063230961
BIP9332I<<Application 'fake' has been changed successfully. <<1725063230961
BIP9326I<<The source 'fakeproject.generated.bar' has been successfully deployed. <<1725063230961
fake>>override2>>over1>>SUCCESS>>1725063394601
BIP9332I<<Application 'fake' has been changed successfully. <<1725063394601
BIP9326I<<The source 'fakeproject.generated.bar' has been successfully deployed. <<1725063394601
fake>>override2>>over1>>SUCCESS>>1725063483607
BIP9332I<<Application 'fake' has been changed successfully. <<1725063483607
BIP9326I<<The source 'fakeproject.generated.bar' has been successfully deployed. <<1725063483607
fake>>override2>>over1>>SUCCESS>>1725291802836
BIP9332I<<Application 'fake' has been changed successfully. <<1725291802836
BIP9326I<<The source 'fakeproject.generated.bar' has been successfully deployed. <<1725291802836
fake>>override2>>over1>>SUCCESS>>1725291938499
BIP9332I<<Application 'fake' has been changed successfully. <<1725291938499
BIP9326I<<The source 'fakeproject.generated.bar' has been successfully deployed. <<1725291938499
fake>>override2>>over1>>SUCCESS>>1725292058686
BIP9332I<<Application 'fake' has been changed successfully. <<1725292058686
BIP9326I<<The source 'fakeproject.generated.bar' has been successfully deployed. <<1725292058686
fake>>override2>>over1>>SUCCESS>>1725292127325
BIP9332I<<Application 'fake' has been changed successfully. <<1725292127325
BIP9326I<<The source 'fakeproject.generated.bar' has been successfully deployed. <<1725292127325
fake>>override2>>over1>>SUCCESS>>1725292208229
BIP9332I<<Application 'fake' has been changed successfully. <<1725292208229
BIP9326I<<The source 'fakeproject.generated.bar' has been successfully deployed. <<1725292208229
fake>>override2>>over1>>SUCCESS>>1725292271177
BIP9332I<<Application 'fake' has been changed successfully. <<1725292271177
BIP9326I<<The source 'fakeproject.generated.bar' has been successfully deployed. <<1725292271177
fake>>r1>>rr1>>SUCCESS>>1725293521962
BIP9332I<<Application 'fake' has been created successfully. <<1725293521962
BIP9326I<<The source 'fakeproject.generated.bar' has been successfully deployed. <<1725293521962
fake>>r1>>rr1>>SUCCESS>>1725294659316
BIP9332I<<Application 'fake' has been changed successfully. <<1725294659316
BIP9326I<<The source 'fakeproject.generated.bar' has been successfully deployed. <<1725294659316
fake>>r1>>rr1>>SUCCESS>>1725294816512
BIP9332I<<Application 'fake' has been changed successfully. <<1725294816512
BIP9326I<<The source 'fakeproject.generated.bar' has been successfully deployed. <<1725294816512
deliometer>>r1>>rr1>>SUCCESS>>1725296160510
BIP9332I<<Application 'deliometer' has been created successfully. <<1725296160510
BIP9326I<<The source 'deliometerproject.generated.bar' has been successfully deployed. <<1725296160510
deliometer>>r1>>rr1>>SUCCESS>>1725296246217
BIP9332I<<Application 'deliometer' has been changed successfully. <<1725296246217
BIP9326I<<The source 'deliometerproject.generated.bar' has been successfully deployed. <<1725296246217
fake>>r1>>rr1>>SUCCESS>>1725298326995
BIP9332I<<Application 'fake' has been created successfully. <<1725298326995
BIP9326I<<The source 'fakeproject.generated.bar' has been successfully deployed. <<1725298326995
fake>>r1>>rr1>>SUCCESS>>1725298972570
BIP9332I<<Application 'fake' has been changed successfully. <<1725298972570
BIP9326I<<The source 'fakeproject.generated.bar' has been successfully deployed. <<1725298972570
fake>>r1>>rr1>>SUCCESS>>1725299119505
BIP9332I<<Application 'fake' has been changed successfully. <<1725299119505
BIP9326I<<The source 'fakeproject.generated.bar' has been successfully deployed. <<1725299119505
fixed_length>>r1>>rr1>>SUCCESS>>1725299551767
BIP9332I<<Application 'fixed_length' has been created successfully. <<1725299551767
BIP9326I<<The source 'fixed_lengthproject.generated.bar' has been successfully deployed. <<1725299551767
fixed_length>>r1>>rr1>>SUCCESS>>1725299666095
BIP9332I<<Application 'fixed_length' has been changed successfully. <<1725299666095
BIP9326I<<The source 'fixed_lengthproject.generated.bar' has been successfully deployed. <<1725299666095
fake>>r1>>rr1>>SUCCESS>>1725300134332
BIP9332I<<Application 'fake' has been created successfully. <<1725300134332
BIP9326I<<The source 'fakeproject.generated.bar' has been successfully deployed. <<1725300134332
fixed_length>>r1>>rr1>>SUCCESS>>1725301578076
BIP9332I<<Application 'fixed_length' has been created successfully. <<1725301578076
BIP9326I<<The source 'fixed_lengthproject.generated.bar' has been successfully deployed. <<1725301578076
Error_handling>>>>TEST_SERVER>>SUCCESS>>1725320932144
BIP9332I<<Application 'Error_handling' has been created successfully. <<1725320932144
BIP9326I<<The source 'Error_handlingproject.generated.bar' has been successfully deployed. <<1725320932144
Error_handling>>>>TEST_SERVER>>SUCCESS>>1725321697088
BIP9332I<<Application 'Error_handling' has been changed successfully. <<1725321697088
BIP9326I<<The source 'Error_handlingproject.generated.bar' has been successfully deployed. <<1725321697088
File_other_opration>>r1>>rr1>>SUCCESS>>1725380006046
BIP9332I<<Application 'File_other_opration' has been created successfully. <<1725380006046
BIP9326I<<The source 'File_other_oprationproject.generated.bar' has been successfully deployed. <<1725380006046
File_other_opration>>r1>>rr1>>SUCCESS>>1725380032782
BIP9332I<<Application 'File_other_opration' has been changed successfully. <<1725380032782
BIP9326I<<The source 'File_other_oprationproject.generated.bar' has been successfully deployed. <<1725380032782
File_other_opration>>r1>>rr1>>SUCCESS>>1725380108508
BIP9332I<<Application 'File_other_opration' has been changed successfully. <<1725380108508
BIP9326I<<The source 'File_other_oprationproject.generated.bar' has been successfully deployed. <<1725380108508
Error_handling>>>>TEST_SERVER>>SUCCESS>>1725380708230
BIP9332I<<Application 'Error_handling' has been changed successfully. <<1725380708230
BIP9326I<<The source 'Error_handlingproject.generated.bar' has been successfully deployed. <<1725380708230
Error_handling>>>>TEST_SERVER>>SUCCESS>>1725383318367
BIP9332I<<Application 'Error_handling' has been changed successfully. <<1725383318367
BIP9326I<<The source 'Error_handlingproject.generated.bar' has been successfully deployed. <<1725383318367
Error_handling>>>>TEST_SERVER>>SUCCESS>>1725383500716
BIP9332I<<Application 'Error_handling' has been changed successfully. <<1725383500716
BIP9326I<<The source 'Error_handlingproject.generated.bar' has been successfully deployed. <<1725383500716
Error_handling>>>>TEST_SERVER>>SUCCESS>>1725383527451
BIP9332I<<Application 'Error_handling' has been changed successfully. <<1725383527451
BIP9326I<<The source 'Error_handlingproject.generated.bar' has been successfully deployed. <<1725383527451
Error_handling>>>>TEST_SERVER>>SUCCESS>>1725383666730
BIP9332I<<Application 'Error_handling' has been created successfully. <<1725383666730
BIP9326I<<The source 'Error_handlingproject.generated.bar' has been successfully deployed. <<1725383666730
Error_handling>>>>TEST_SERVER>>SUCCESS>>1725393083941
BIP9332I<<Application 'Error_handling' has been changed successfully. <<1725393083941
BIP9326I<<The source 'Error_handlingproject.generated.bar' has been successfully deployed. <<1725393083941
Error_handling>>>>TEST_SERVER>>SUCCESS>>1725393204185
BIP9332I<<Application 'Error_handling' has been changed successfully. <<1725393204185
BIP9326I<<The source 'Error_handlingproject.generated.bar' has been successfully deployed. <<1725393204185
Error_handling>>>>TEST_SERVER>>SUCCESS>>1725393326450
BIP9332I<<Application 'Error_handling' has been changed successfully. <<1725393326450
BIP9326I<<The source 'Error_handlingproject.generated.bar' has been successfully deployed. <<1725393326450
Error_handling>>>>TEST_SERVER>>SUCCESS>>1725393448266
BIP9332I<<Application 'Error_handling' has been changed successfully. <<1725393448266
BIP9326I<<The source 'Error_handlingproject.generated.bar' has been successfully deployed. <<1725393448266
Error_handling>>>>TEST_SERVER>>SUCCESS>>1725393615419
BIP9332I<<Application 'Error_handling' has been changed successfully. <<1725393615419
BIP9326I<<The source 'Error_handlingproject.generated.bar' has been successfully deployed. <<1725393615419
Error_handling>>>>TEST_SERVER>>SUCCESS>>1725393696538
BIP9332I<<Application 'Error_handling' has been changed successfully. <<1725393696538
BIP9326I<<The source 'Error_handlingproject.generated.bar' has been successfully deployed. <<1725393696538
Error_handling>>>>TEST_SERVER>>WARNING>>1725395531091
BIP4125E<<Failed to load ESQL file 'C:/Users/Sreenivas Bandaru/IBM/ACET12/workspace2/TEST_SERVER/run/Error_handling/error_handle_Compute1.esql'. <<1725395531091
BIP2401E<<(.error_handle_Compute1.CopyEntireMessage, 6.89) : Syntax error : expected ')' but found 'v'. <<1725395531091
BIP9320E<<Message Flow 'error_handle', 'error_handle' encountered a failure and could not start. <<1725395531091
BIP4001E<<Syntax error in SQL statements in node '{0}'. <<1725395531091
BIP4127E<<Failed to find ESQL module 'error_handle_Compute1'. <<1725395531091
BIP9333W<<Application 'Error_handling' has been changed but contains errors which has prevented some resources from starting. <<1725395531091
BIP1096E<<The source 'Error_handlingproject.generated.bar' has been deployed but there were one or more failures which may mean the deployed resources will be unable to execute. <<1725395531091
Error_handling>>>>TEST_SERVER>>SUCCESS>>1725395573584
BIP9332I<<Application 'Error_handling' has been changed successfully. <<1725395573584
BIP9326I<<The source 'Error_handlingproject.generated.bar' has been successfully deployed. <<1725395573584
Error_handling>>>>TEST_SERVER>>SUCCESS>>1725395775093
BIP9332I<<Application 'Error_handling' has been changed successfully. <<1725395775093
BIP9326I<<The source 'Error_handlingproject.generated.bar' has been successfully deployed. <<1725395775093
DB_log_task>>DB1>>conn>>SUCCESS>>1725465944016
BIP9332I<<Application 'DB_log_task' has been created successfully. <<1725465944016
BIP9326I<<The source 'DB_log_taskproject.generated.bar' has been successfully deployed. <<1725465944016
DB_log_task>>DB1>>conn>>SUCCESS>>1725465974483
BIP9332I<<Application 'DB_log_task' has been changed successfully. <<1725465974483
BIP9326I<<The source 'DB_log_taskproject.generated.bar' has been successfully deployed. <<1725465974483
DB_log_task>>DB1>>conn>>SUCCESS>>1725466028452
BIP9332I<<Application 'DB_log_task' has been created successfully. <<1725466028452
BIP9326I<<The source 'DB_log_taskproject.generated.bar' has been successfully deployed. <<1725466028452
DB_log_task>>>>TEST_SERVER>>SUCCESS>>1725466128399
BIP9332I<<Application 'DB_log_task' has been created successfully. <<1725466128399
BIP9326I<<The source 'DB_log_taskproject.generated.bar' has been successfully deployed. <<1725466128399
DB_log_task>>DB1>>conn>>SUCCESS>>1725466189162
BIP9332I<<Application 'DB_log_task' has been changed successfully. <<1725466189162
BIP9326I<<The source 'DB_log_taskproject.generated.bar' has been successfully deployed. <<1725466189162
DB_log_task>>DB1>>conn>>SUCCESS>>1725466277721
BIP9332I<<Application 'DB_log_task' has been changed successfully. <<1725466277721
BIP9326I<<The source 'DB_log_taskproject.generated.bar' has been successfully deployed. <<1725466277721
DB_log_task>>DB1>>conn>>SUCCESS>>1725466306820
BIP9332I<<Application 'DB_log_task' has been changed successfully. <<1725466306820
BIP9326I<<The source 'DB_log_taskproject.generated.bar' has been successfully deployed. <<1725466306820
DB_log_task>>DB1>>conn>>SUCCESS>>1725466648092
BIP9332I<<Application 'DB_log_task' has been changed successfully. <<1725466648092
BIP9326I<<The source 'DB_log_taskproject.generated.bar' has been successfully deployed. <<1725466648092
DB_log_task>>DB1>>conn>>SUCCESS>>1725467575685
BIP9332I<<Application 'DB_log_task' has been changed successfully. <<1725467575685
BIP9326I<<The source 'DB_log_taskproject.generated.bar' has been successfully deployed. <<1725467575685
DB_log_task>>DB1>>conn>>SUCCESS>>1725468209952
BIP9332I<<Application 'DB_log_task' has been changed successfully. <<1725468209952
BIP9326I<<The source 'DB_log_taskproject.generated.bar' has been successfully deployed. <<1725468209952
DB_log_task>>DB1>>conn>>SUCCESS>>1725468355561
BIP9332I<<Application 'DB_log_task' has been changed successfully. <<1725468355561
BIP9326I<<The source 'DB_log_taskproject.generated.bar' has been successfully deployed. <<1725468355561
DB_log_task>>DB1>>conn>>SUCCESS>>1725468767150
BIP9332I<<Application 'DB_log_task' has been changed successfully. <<1725468767150
BIP9326I<<The source 'DB_log_taskproject.generated.bar' has been successfully deployed. <<1725468767150
DB_log_task>>DB1>>conn>>SUCCESS>>1725468806425
BIP9332I<<Application 'DB_log_task' has been changed successfully. <<1725468806425
BIP9326I<<The source 'DB_log_taskproject.generated.bar' has been successfully deployed. <<1725468806425
DB_log_task>>DB1>>conn>>WARNING>>1725469041774
BIP9318E<<Request to 'PreSetupValidate' resource 'DB_log_task', 'DB_log_task' of type 'Application' failed. <<1725469041774
BIP2490E<<(.DB_mf_Compute.CopyEntireMessage, 20.16) : Illegal data type for parameter 'FORMAT' of statement, function or operator 'ASBITSTREAM'. Valid types are 'CHARACTER'. <<1725469041774
BIP9333W<<Application 'DB_log_task' has been changed but contains errors which has prevented some resources from starting. <<1725469041774
BIP1096E<<The source 'DB_log_taskproject.generated.bar' has been deployed but there were one or more failures which may mean the deployed resources will be unable to execute. <<1725469041774
DB_log_task>>DB1>>conn>>SUCCESS>>1725470152983
BIP9332I<<Application 'DB_log_task' has been changed successfully. <<1725470152983
BIP9326I<<The source 'DB_log_taskproject.generated.bar' has been successfully deployed. <<1725470152983
DB_log_task>>DB1>>conn>>SUCCESS>>1725470378730
BIP9332I<<Application 'DB_log_task' has been changed successfully. <<1725470378730
BIP9326I<<The source 'DB_log_taskproject.generated.bar' has been successfully deployed. <<1725470378730
DB_log_task>>DB1>>conn>>SUCCESS>>1725471872548
BIP9332I<<Application 'DB_log_task' has been changed successfully. <<1725471872548
BIP9326I<<The source 'DB_log_taskproject.generated.bar' has been successfully deployed. <<1725471872548
DB_log_task>>DB1>>conn>>WARNING>>1725472114127
BIP9318E<<Request to 'PreSetupValidate' resource 'DB_log_task', 'DB_log_task' of type 'Application' failed. <<1725472114127
BIP2558E<<(.DB_mf_Compute2.CopyEntireMessage, 20.7) : Undefined function '.incerting'. <<1725472114127
BIP9333W<<Application 'DB_log_task' has been changed but contains errors which has prevented some resources from starting. <<1725472114127
BIP1096E<<The source 'DB_log_taskproject.generated.bar' has been deployed but there were one or more failures which may mean the deployed resources will be unable to execute. <<1725472114127
DB_log_task>>DB1>>conn>>SUCCESS>>1725472153906
BIP9332I<<Application 'DB_log_task' has been changed successfully. <<1725472153906
BIP9326I<<The source 'DB_log_taskproject.generated.bar' has been successfully deployed. <<1725472153906
DB_log_task>>DB1>>conn>>SUCCESS>>1725472180070
BIP9332I<<Application 'DB_log_task' has been changed successfully. <<1725472180070
BIP9326I<<The source 'DB_log_taskproject.generated.bar' has been successfully deployed. <<1725472180070
DB_log_task>>DB1>>conn>>SUCCESS>>1725472212088
BIP9332I<<Application 'DB_log_task' has been changed successfully. <<1725472212088
BIP9326I<<The source 'DB_log_taskproject.generated.bar' has been successfully deployed. <<1725472212088
DB_log_task>>DB1>>conn>>SUCCESS>>1725473447059
BIP9332I<<Application 'DB_log_task' has been changed successfully. <<1725473447059
BIP9326I<<The source 'DB_log_taskproject.generated.bar' has been successfully deployed. <<1725473447059
DB_log_task>>DB1>>conn>>SUCCESS>>1725473527515
BIP9332I<<Application 'DB_log_task' has been changed successfully. <<1725473527515
BIP9326I<<The source 'DB_log_taskproject.generated.bar' has been successfully deployed. <<1725473527515
DB_log_task>>DB1>>conn>>SUCCESS>>1725474214775
BIP9332I<<Application 'DB_log_task' has been changed successfully. <<1725474214775
BIP9326I<<The source 'DB_log_taskproject.generated.bar' has been successfully deployed. <<1725474214775
DB_log_task>>DB1>>conn>>SUCCESS>>1725474360487
BIP9332I<<Application 'DB_log_task' has been changed successfully. <<1725474360487
BIP9326I<<The source 'DB_log_taskproject.generated.bar' has been successfully deployed. <<1725474360487
DB_log_task>>DB1>>conn>>SUCCESS>>1725488643491
BIP9332I<<Application 'DB_log_task' has been changed successfully. <<1725488643491
BIP9326I<<The source 'DB_log_taskproject.generated.bar' has been successfully deployed. <<1725488643491
Error_handling>>>>TEST_SERVER>>WARNING>>1725495352288
BIP9320E<<Message Flow 'error_handle', 'error_handle' encountered a failure and could not start. <<1725495352288
BIP4001E<<Syntax error in SQL statements in node '{0}'. <<1725495352288
BIP2432E<<(, 1.3) : The correlation name 'root' is not valid. Those in scope are: Environment, LocalEnvironment, Root, Body, Properties, ExceptionList, DestinationList, Context. <<1725495352288
BIP9333W<<Application 'Error_handling' has been changed but contains errors which has prevented some resources from starting. <<1725495352288
BIP1096E<<The source 'Error_handlingproject.generated.bar' has been deployed but there were one or more failures which may mean the deployed resources will be unable to execute. <<1725495352288
Error_handling>>>>TEST_SERVER>>WARNING>>1725495385272
BIP9320E<<Message Flow 'error_handle', 'error_handle' encountered a failure and could not start. <<1725495385272
BIP4001E<<Syntax error in SQL statements in node '{0}'. <<1725495385272
BIP2432E<<(, 1.3) : The correlation name 'root' is not valid. Those in scope are: Environment, LocalEnvironment, Root, Body, Properties, ExceptionList, DestinationList, Context. <<1725495385272
BIP9333W<<Application 'Error_handling' has been changed but contains errors which has prevented some resources from starting. <<1725495385272
BIP1096E<<The source 'Error_handlingproject.generated.bar' has been deployed but there were one or more failures which may mean the deployed resources will be unable to execute. <<1725495385272
Error_handling>>>>TEST_SERVER>>WARNING>>1725495531728
BIP9320E<<Message Flow 'error_handle', 'error_handle' encountered a failure and could not start. <<1725495531728
BIP4001E<<Syntax error in SQL statements in node '{0}'. <<1725495531728
BIP2432E<<(, 1.3) : The correlation name 'root' is not valid. Those in scope are: Environment, LocalEnvironment, Root, Body, Properties, ExceptionList, DestinationList, Context. <<1725495531728
BIP9333W<<Application 'Error_handling' has been created but contains errors which has prevented some resources from starting. <<1725495531728
BIP1096E<<The source 'Error_handlingproject.generated.bar' has been deployed but there were one or more failures which may mean the deployed resources will be unable to execute. <<1725495531728
Error_handling>>>>TEST_SERVER>>SUCCESS>>1725495602474
BIP9332I<<Application 'Error_handling' has been changed successfully. <<1725495602474
BIP9326I<<The source 'Error_handlingproject.generated.bar' has been successfully deployed. <<1725495602474
Error_handling>>>>TEST_SERVER>>SUCCESS>>1725551467030
BIP9332I<<Application 'Error_handling' has been changed successfully. <<1725551467030
BIP9326I<<The source 'Error_handlingproject.generated.bar' has been successfully deployed. <<1725551467030
Error_handling>>>>TEST_SERVER>>SUCCESS>>1725551886500
BIP9332I<<Application 'Error_handling' has been changed successfully. <<1725551886500
BIP9326I<<The source 'Error_handlingproject.generated.bar' has been successfully deployed. <<1725551886500
Error_handling>>>>TEST_SERVER>>SUCCESS>>1725551991333
BIP9332I<<Application 'Error_handling' has been changed successfully. <<1725551991333
BIP9326I<<The source 'Error_handlingproject.generated.bar' has been successfully deployed. <<1725551991333
Error_handling>>>>TEST_SERVER>>SUCCESS>>1725552118632
BIP9332I<<Application 'Error_handling' has been changed successfully. <<1725552118632
BIP9326I<<The source 'Error_handlingproject.generated.bar' has been successfully deployed. <<1725552118632
File_other_opration>>DB1>>conn>>SUCCESS>>1725552354031
BIP9332I<<Application 'File_other_opration' has been created successfully. <<1725552354031
BIP9326I<<The source 'File_other_oprationproject.generated.bar' has been successfully deployed. <<1725552354031
File_other_opration>>DB1>>conn>>SUCCESS>>1725552521415
BIP9332I<<Application 'File_other_opration' has been changed successfully. <<1725552521415
BIP9326I<<The source 'File_other_oprationproject.generated.bar' has been successfully deployed. <<1725552521415
File_other_opration>>DB1>>conn>>SUCCESS>>1725552700307
BIP9332I<<Application 'File_other_opration' has been changed successfully. <<1725552700307
BIP9326I<<The source 'File_other_oprationproject.generated.bar' has been successfully deployed. <<1725552700307
multiple_dataType_input>>DB1>>conn>>SUCCESS>>1725554514260
BIP9332I<<Application 'multiple_dataType_input' has been created successfully. <<1725554514260
BIP9326I<<The source 'multiple_dataType_inputproject.generated.bar' has been successfully deployed. <<1725554514260
DatabaseGET>>mybroker>>myserver>>SUCCESS>>1725902017065
BIP9332I<<Application 'DatabaseGET' has been created successfully. <<1725902017065
BIP9326I<<The source 'DatabaseGETproject.generated.bar' has been successfully deployed. <<1725902017065
SoapOperations>>mybroker>>myserver>>SUCCESS>>1725902756703
BIP9332I<<Application 'SoapOperations' has been created successfully. <<1725902756703
BIP9326I<<The source 'SoapOperationsproject.generated.bar' has been successfully deployed. <<1725902756703
SOAP_div_opr>>mybroker>>myserver>>SUCCESS>>1725904197583
BIP9332I<<Application 'SOAP_div_opr' has been created successfully. <<1725904197583
BIP9326I<<The source 'SOAP_div_oprproject.generated.bar' has been successfully deployed. <<1725904197583
Log4J2>>mybroker>>myserver>>SUCCESS>>1725905157369
BIP9332I<<Application 'Log4J2' has been created successfully. <<1725905157369
BIP9326I<<The source 'Log4J2project.generated.bar' has been successfully deployed. <<1725905157369
Mapping>>mybroker>>myserver>>SUCCESS>>1726871442058
BIP9332I<<Application 'Mapping' has been created successfully. <<1726871442058
BIP9326I<<The source 'Mappingproject.generated.bar' has been successfully deployed. <<1726871442058
MappingWithFileNodes>>mybroker>>myserver>>SUCCESS>>1726877886491
BIP9332I<<Application 'MappingWithFileNodes' has been created successfully. <<1726877886491
BIP9326I<<The source 'MappingWithFileNodesproject.generated.bar' has been successfully deployed. <<1726877886491
MappingWithFileNodes>>mybroker>>myserver>>SUCCESS>>1726878047096
BIP9332I<<Application 'MappingWithFileNodes' has been changed successfully. <<1726878047096
BIP9326I<<The source 'MappingWithFileNodesproject.generated.bar' has been successfully deployed. <<1726878047096
MappingWithFileNodes>>mybroker>>myserver>>SUCCESS>>1726878212829
BIP9332I<<Application 'MappingWithFileNodes' has been changed successfully. <<1726878212829
BIP9326I<<The source 'MappingWithFileNodesproject.generated.bar' has been successfully deployed. <<1726878212829
JMSReply>>mybroker>>myserver>>SUCCESS>>1727113945540
BIP9332I<<Application 'JMSReply' has been created successfully. <<1727113945540
BIP9326I<<The source 'JMSReplyproject.generated.bar' has been successfully deployed. <<1727113945540
JMSReply>>mybroker>>myserver>>SUCCESS>>1727114434479
BIP9332I<<Application 'JMSReply' has been changed successfully. <<1727114434479
BIP9326I<<The source 'JMSReplyproject.generated.bar' has been successfully deployed. <<1727114434479
JMSReply>>mybroker>>myserver>>SUCCESS>>1727114931704
BIP9332I<<Application 'JMSReply' has been changed successfully. <<1727114931704
BIP9326I<<The source 'JMSReplyproject.generated.bar' has been successfully deployed. <<1727114931704
JMSReply>>mybroker>>myserver>>SUCCESS>>1727115032038
BIP9332I<<Application 'JMSReply' has been changed successfully. <<1727115032038
BIP9326I<<The source 'JMSReplyproject.generated.bar' has been successfully deployed. <<1727115032038
JMSReply>>mybroker>>myserver>>SUCCESS>>1727115387844
BIP9332I<<Application 'JMSReply' has been changed successfully. <<1727115387844
BIP9326I<<The source 'JMSReplyproject.generated.bar' has been successfully deployed. <<1727115387844
JMSReply>>mybroker>>myserver>>SUCCESS>>1727115550513
BIP9332I<<Application 'JMSReply' has been changed successfully. <<1727115550513
BIP9326I<<The source 'JMSReplyproject.generated.bar' has been successfully deployed. <<1727115550513
JMSReply>>mybroker>>myserver>>SUCCESS>>1727116044479
BIP9332I<<Application 'JMSReply' has been changed successfully. <<1727116044479
BIP9326I<<The source 'JMSReplyproject.generated.bar' has been successfully deployed. <<1727116044479
JMSReply>>mybroker>>myserver>>SUCCESS>>1727116152242
BIP9332I<<Application 'JMSReply' has been created successfully. <<1727116152242
BIP9326I<<The source 'JMSReplyproject.generated.bar' has been successfully deployed. <<1727116152242
JMSReply>>mybroker>>myserver2>>SUCCESS>>1727116255224
BIP9332I<<Application 'JMSReply' has been created successfully. <<1727116255224
BIP9326I<<The source 'JMSReplyproject.generated.bar' has been successfully deployed. <<1727116255224
JMSReceive>>mybroker>>myserver2>>SUCCESS>>1727123803700
BIP9332I<<Application 'JMSReceive' has been created successfully. <<1727123803700
BIP9326I<<The source 'JMSReceiveproject.generated.bar' has been successfully deployed. <<1727123803700
JMSReceive>>mybroker>>myserver2>>SUCCESS>>1727123860124
BIP9332I<<Application 'JMSReceive' has been changed successfully. <<1727123860124
BIP9326I<<The source 'JMSReceiveproject.generated.bar' has been successfully deployed. <<1727123860124
JMSReceive>>mybroker>>myserver2>>SUCCESS>>1727124049186
BIP9332I<<Application 'JMSReceive' has been changed successfully. <<1727124049186
BIP9326I<<The source 'JMSReceiveproject.generated.bar' has been successfully deployed. <<1727124049186
JMSReceive>>mybroker>>myserver2>>SUCCESS>>1727124713008
BIP9332I<<Application 'JMSReceive' has been changed successfully. <<1727124713008
BIP9326I<<The source 'JMSReceiveproject.generated.bar' has been successfully deployed. <<1727124713008
JMSTopic>>mybroker>>myserver2>>SUCCESS>>1727126338923
BIP9332I<<Application 'JMSTopic' has been created successfully. <<1727126338923
BIP9326I<<The source 'JMSTopicproject.generated.bar' has been successfully deployed. <<1727126338923
JavaComputeNode>>mybroker>>myserver2>>SUCCESS>>1727193209405
BIP9332I<<Application 'JavaComputeNode' has been created successfully. <<1727193209405
BIP9326I<<The source 'JavaComputeNodeproject.generated.bar' has been successfully deployed. <<1727193209405
JavaComputeXMLToJSON>>mybroker>>myserver2>>SUCCESS>>1727198680689
BIP9332I<<Application 'JavaComputeXMLToJSON' has been created successfully. <<1727198680689
BIP9326I<<The source 'JavaComputeXMLToJSONproject.generated.bar' has been successfully deployed. <<1727198680689
JavaComputeXMLToJSON>>mybroker>>myserver2>>SUCCESS>>1727199207026
BIP9332I<<Application 'JavaComputeXMLToJSON' has been changed successfully. <<1727199207026
BIP9326I<<The source 'JavaComputeXMLToJSONproject.generated.bar' has been successfully deployed. <<1727199207026
JavaComputeXMLToJSON>>mybroker>>myserver2>>SUCCESS>>1727201568296
BIP9332I<<Application 'JavaComputeXMLToJSON' has been changed successfully. <<1727201568296
BIP9326I<<The source 'JavaComputeXMLToJSONproject.generated.bar' has been successfully deployed. <<1727201568296
JavaComputeXMLToJSON>>mybroker>>myserver2>>SUCCESS>>1727201747416
BIP9332I<<Application 'JavaComputeXMLToJSON' has been changed successfully. <<1727201747416
BIP9326I<<The source 'JavaComputeXMLToJSONproject.generated.bar' has been successfully deployed. <<1727201747416
GlobalCacheApplication>>mybroker>>myserver2>>SUCCESS>>1727220845493
BIP9332I<<Application 'GlobalCacheApplication' has been created successfully. <<1727220845493
BIP9326I<<The source 'GlobalCacheApplicationproject.generated.bar' has been successfully deployed. <<1727220845493
GlobalCacheApplication>>mybroker>>myserver2>>SUCCESS>>1727221576220
BIP9332I<<Application 'GlobalCacheApplication' has been created successfully. <<1727221576220
BIP9326I<<The source 'GlobalCacheApplicationproject.generated.bar' has been successfully deployed. <<1727221576220
NULLIFFunction>>mybroker>>myserver2>>SUCCESS>>1727283347096
BIP9332I<<Application 'NULLIFFunction' has been created successfully. <<1727283347096
BIP9326I<<The source 'NULLIFFunctionproject.generated.bar' has been successfully deployed. <<1727283347096
NULLIFFunction>>mybroker>>myserver2>>SUCCESS>>1727283519843
BIP9332I<<Application 'NULLIFFunction' has been changed successfully. <<1727283519843
BIP9326I<<The source 'NULLIFFunctionproject.generated.bar' has been successfully deployed. <<1727283519843
FormatFunction>>mybroker>>myserver2>>SUCCESS>>1727284453685
BIP9332I<<Application 'FormatFunction' has been created successfully. <<1727284453685
BIP9326I<<The source 'FormatFunctionproject.generated.bar' has been successfully deployed. <<1727284453685
GlobalCacheApplication>>mybroker>>myserver2>>SUCCESS>>1727284597473
BIP9332I<<Application 'GlobalCacheApplication' has been created successfully. <<1727284597473
BIP9326I<<The source 'GlobalCacheApplicationproject.generated.bar' has been successfully deployed. <<1727284597473
FormatFunctionCurrency>>mybroker>>myserver2>>SUCCESS>>1727286389827
BIP9332I<<Application 'FormatFunctionCurrency' has been created successfully. <<1727286389827
BIP9326I<<The source 'FormatFunctionCurrencyproject.generated.bar' has been successfully deployed. <<1727286389827
RouteToLabel>>mybroker>>myserver2>>SUCCESS>>1727286784683
BIP9332I<<Application 'RouteToLabel' has been created successfully. <<1727286784683
BIP9326I<<The source 'RouteToLabelproject.generated.bar' has been successfully deployed. <<1727286784683
consumer_ssl>>mybroker3>>serv1>>SUCCESS>>1727311075709
BIP9332I<<Application 'consumer_ssl' has been created successfully. <<1727311075709
BIP9326I<<The source 'consumer_sslproject.generated.bar' has been successfully deployed. <<1727311075709
provider_ssl>>mybroker3>>serv1>>SUCCESS>>1727311117150
BIP9332I<<Application 'provider_ssl' has been created successfully. <<1727311117150
BIP9326I<<The source 'provider_sslproject.generated.bar' has been successfully deployed. <<1727311117150
provider_ssl>>mybroker3>>serv1>>SUCCESS>>1727311440427
BIP9332I<<Application 'provider_ssl' has been changed successfully. <<1727311440427
BIP9326I<<The source 'provider_sslproject.generated.bar' has been successfully deployed. <<1727311440427
consumer_ssl>>mybroker3>>serv1>>SUCCESS>>1727311453724
BIP9332I<<Application 'consumer_ssl' has been changed successfully. <<1727311453724
BIP9326I<<The source 'consumer_sslproject.generated.bar' has been successfully deployed. <<1727311453724
SSL_producer>>mybroker3>>serv1>>WARNING>>1727372461441
BIP3135S<<An exception occurred while starting the HTTPSConnector. Exception text is 'Unable to load keystore "C:\SSL\keystoreprovider.jks" or truststore "C:\Users\Sreenivas Bandaru\Pictures\jojo\trustkey.jks"'. <<1727372461441
BIP9320E<<Message Flow 'SSL_producer_mf', 'SSL_producer_mf' encountered a failure and could not start. <<1727372461441
BIP3135S<<An exception occurred while starting the HTTPSConnector. Exception text is 'Unable to load keystore "C:\SSL\keystoreprovider.jks" or truststore "C:\Users\Sreenivas Bandaru\Pictures\jojo\trustkey.jks"'. <<1727372461441
BIP9333W<<Application 'SSL_producer' has been created but contains errors which has prevented some resources from starting. <<1727372461441
BIP1096E<<The source 'SSL_producerproject.generated.bar' has been deployed but there were one or more failures which may mean the deployed resources will be unable to execute. <<1727372461441
SSL_producer>>mybroker3>>serv1>>WARNING>>1727372612712
BIP3135S<<An exception occurred while starting the HTTPSConnector. Exception text is 'Unable to load keystore "C:\SSL\keystoreprovider.jks" or truststore "C:\Users\Sreenivas Bandaru\Pictures\jojo\trustkey.jks"'. <<1727372612712
BIP9320E<<Message Flow 'SSL_producer_mf', 'SSL_producer_mf' encountered a failure and could not start. <<1727372612712
BIP3135S<<An exception occurred while starting the HTTPSConnector. Exception text is 'Unable to load keystore "C:\SSL\keystoreprovider.jks" or truststore "C:\Users\Sreenivas Bandaru\Pictures\jojo\trustkey.jks"'. <<1727372612712
BIP9333W<<Application 'SSL_producer' has been changed but contains errors which has prevented some resources from starting. <<1727372612712
BIP1096E<<The source 'SSL_producerproject.generated.bar' has been deployed but there were one or more failures which may mean the deployed resources will be unable to execute. <<1727372612712
SSL_producer>>mybroker3>>serv1>>WARNING>>1727372627891
BIP3135S<<An exception occurred while starting the HTTPSConnector. Exception text is 'Unable to load keystore "C:\SSL\keystoreprovider.jks" or truststore "C:\Users\Sreenivas Bandaru\Pictures\jojo\trustkey.jks"'. <<1727372627891
BIP9320E<<Message Flow 'SSL_producer_mf', 'SSL_producer_mf' encountered a failure and could not start. <<1727372627891
BIP3135S<<An exception occurred while starting the HTTPSConnector. Exception text is 'Unable to load keystore "C:\SSL\keystoreprovider.jks" or truststore "C:\Users\Sreenivas Bandaru\Pictures\jojo\trustkey.jks"'. <<1727372627891
BIP9333W<<Application 'SSL_producer' has been changed but contains errors which has prevented some resources from starting. <<1727372627891
BIP1096E<<The source 'SSL_producerproject.generated.bar' has been deployed but there were one or more failures which may mean the deployed resources will be unable to execute. <<1727372627891
SSL_producer>>mybroker3>>serv1>>SUCCESS>>1727372670908
BIP9332I<<Application 'SSL_producer' has been changed successfully. <<1727372670908
BIP9326I<<The source 'SSL_producerproject.generated.bar' has been successfully deployed. <<1727372670908
SSL_producer>>mybroker3>>serv1>>WARNING>>1727372680509
BIP3135S<<An exception occurred while starting the HTTPSConnector. Exception text is 'Unable to load keystore "C:\SSL\keystoreprovider.jks" or truststore "C:\Users\Sreenivas Bandaru\Pictures\jojo\trustkey.jks"'. <<1727372680509
BIP9320E<<Message Flow 'SSL_producer_mf', 'SSL_producer_mf' encountered a failure and could not start. <<1727372680509
BIP3135S<<An exception occurred while starting the HTTPSConnector. Exception text is 'Unable to load keystore "C:\SSL\keystoreprovider.jks" or truststore "C:\Users\Sreenivas Bandaru\Pictures\jojo\trustkey.jks"'. <<1727372680509
BIP9333W<<Application 'SSL_producer' has been changed but contains errors which has prevented some resources from starting. <<1727372680509
BIP1096E<<The source 'SSL_producerproject.generated.bar' has been deployed but there were one or more failures which may mean the deployed resources will be unable to execute. <<1727372680509
SSL_producer>>mybroker3>>serv1>>WARNING>>1727372786593
BIP3135S<<An exception occurred while starting the HTTPSConnector. Exception text is 'Unable to load keystore "C:\SSL\keystoreprovider.jks" or truststore "C:\Users\Sreenivas Bandaru\Pictures\jojo\trustkey.jks"'. <<1727372786593
BIP9320E<<Message Flow 'SSL_producer_mf', 'SSL_producer_mf' encountered a failure and could not start. <<1727372786593
BIP3135S<<An exception occurred while starting the HTTPSConnector. Exception text is 'Unable to load keystore "C:\SSL\keystoreprovider.jks" or truststore "C:\Users\Sreenivas Bandaru\Pictures\jojo\trustkey.jks"'. <<1727372786593
BIP9333W<<Application 'SSL_producer' has been changed but contains errors which has prevented some resources from starting. <<1727372786593
BIP1096E<<The source 'SSL_producerproject.generated.bar' has been deployed but there were one or more failures which may mean the deployed resources will be unable to execute. <<1727372786593
SSL_producer>>mybroker3>>serv1>>WARNING>>1727372820554
BIP3135S<<An exception occurred while starting the HTTPSConnector. Exception text is 'Unable to load keystore "C:\SSL\keystoreprovider.jks" or truststore "C:\Users\Sreenivas Bandaru\Pictures\jojo\trustkey.jks"'. <<1727372820554
BIP9320E<<Message Flow 'SSL_producer_mf', 'SSL_producer_mf' encountered a failure and could not start. <<1727372820554
BIP3135S<<An exception occurred while starting the HTTPSConnector. Exception text is 'Unable to load keystore "C:\SSL\keystoreprovider.jks" or truststore "C:\Users\Sreenivas Bandaru\Pictures\jojo\trustkey.jks"'. <<1727372820554
BIP9333W<<Application 'SSL_producer' has been changed but contains errors which has prevented some resources from starting. <<1727372820554
BIP1096E<<The source 'SSL_producerproject.generated.bar' has been deployed but there were one or more failures which may mean the deployed resources will be unable to execute. <<1727372820554
SSL_producer>>mybroker3>>serv1>>WARNING>>1727373776047
BIP3135S<<An exception occurred while starting the HTTPSConnector. Exception text is 'Unable to load keystore "C:\SSL_REMOTE\keystoreremote.jks" or truststore "C:\Users\Sreenivas Bandaru\Pictures\jojo\trustkey.jks"'. <<1727373776047
BIP9320E<<Message Flow 'SSL_producer_mf', 'SSL_producer_mf' encountered a failure and could not start. <<1727373776047
BIP3135S<<An exception occurred while starting the HTTPSConnector. Exception text is 'Unable to load keystore "C:\SSL_REMOTE\keystoreremote.jks" or truststore "C:\Users\Sreenivas Bandaru\Pictures\jojo\trustkey.jks"'. <<1727373776047
BIP9333W<<Application 'SSL_producer' has been changed but contains errors which has prevented some resources from starting. <<1727373776047
BIP1096E<<The source 'SSL_producerproject.generated.bar' has been deployed but there were one or more failures which may mean the deployed resources will be unable to execute. <<1727373776047
SSL_producer>>mybroker3>>serv1>>WARNING>>1727373972500
BIP3135S<<An exception occurred while starting the HTTPSConnector. Exception text is 'Unable to load keystore "C:\SSL_REMOTE\keystoreremote.jks" or truststore "C:\Users\Sreenivas Bandaru\Pictures\jojo\trustkey.jks"'. <<1727373972500
BIP9320E<<Message Flow 'SSL_producer_mf', 'SSL_producer_mf' encountered a failure and could not start. <<1727373972500
BIP3135S<<An exception occurred while starting the HTTPSConnector. Exception text is 'Unable to load keystore "C:\SSL_REMOTE\keystoreremote.jks" or truststore "C:\Users\Sreenivas Bandaru\Pictures\jojo\trustkey.jks"'. <<1727373972500
BIP9333W<<Application 'SSL_producer' has been changed but contains errors which has prevented some resources from starting. <<1727373972500
BIP1096E<<The source 'SSL_producerproject.generated.bar' has been deployed but there were one or more failures which may mean the deployed resources will be unable to execute. <<1727373972500
SSL_consumer>>mybroker2>>myserver2>>SUCCESS>>1727382942244
BIP9332I<<Application 'SSL_consumer' has been created successfully. <<1727382942244
BIP9326I<<The source 'SSL_consumerproject.generated.bar' has been successfully deployed. <<1727382942244
SSL_provider>>mybroker2>>myserver2>>SUCCESS>>1727382949554
BIP9332I<<Application 'SSL_provider' has been created successfully. <<1727382949554
BIP9326I<<The source 'SSL_providerproject.generated.bar' has been successfully deployed. <<1727382949554
SSL_Consumer>>mybroker2>>myserver2>>SUCCESS>>1727384006312
BIP9332I<<Application 'SSL_Consumer' has been created successfully. <<1727384006312
BIP9326I<<The source 'SSL_Consumerproject.generated.bar' has been successfully deployed. <<1727384006312
SSL_provider>>mybroker2>>myserver2>>SUCCESS>>1727384092702
BIP9332I<<Application 'SSL_provider' has been created successfully. <<1727384092702
BIP9326I<<The source 'SSL_providerproject.generated.bar' has been successfully deployed. <<1727384092702
SSL_Consumer>>mybroker2>>myserver2>>SUCCESS>>1727384397533
BIP9332I<<Application 'SSL_Consumer' has been created successfully. <<1727384397533
BIP9326I<<The source 'SSL_Consumerproject.generated.bar' has been successfully deployed. <<1727384397533
SSL_provider>>mybroker2>>myserver2>>SUCCESS>>1727384407313
BIP9332I<<Application 'SSL_provider' has been created successfully. <<1727384407313
BIP9326I<<The source 'SSL_providerproject.generated.bar' has been successfully deployed. <<1727384407313
SSL_Consumer>>mybroker2>>myserver2>>SUCCESS>>1727384729345
BIP9332I<<Application 'SSL_Consumer' has been changed successfully. <<1727384729345
BIP9326I<<The source 'SSL_Consumerproject.generated.bar' has been successfully deployed. <<1727384729345
SSL_provider>>mybroker2>>myserver2>>SUCCESS>>1727384739154
BIP9332I<<Application 'SSL_provider' has been changed successfully. <<1727384739154
BIP9326I<<The source 'SSL_providerproject.generated.bar' has been successfully deployed. <<1727384739154
SSL_Consumer>>mybroker2>>myserver2>>SUCCESS>>1727385479933
BIP9332I<<Application 'SSL_Consumer' has been created successfully. <<1727385479933
BIP9326I<<The source 'SSL_Consumerproject.generated.bar' has been successfully deployed. <<1727385479933
SSL_provider>>mybroker2>>myserver2>>SUCCESS>>1727385486488
BIP9332I<<Application 'SSL_provider' has been created successfully. <<1727385486488
BIP9326I<<The source 'SSL_providerproject.generated.bar' has been successfully deployed. <<1727385486488
CreateField>>mybroker2>>myserver2>>SUCCESS>>1727393656470
BIP9332I<<Application 'CreateField' has been created successfully. <<1727393656470
BIP9326I<<The source 'CreateFieldproject.generated.bar' has been successfully deployed. <<1727393656470
CreateField>>mybroker2>>myserver2>>SUCCESS>>1727394844041
BIP9332I<<Application 'CreateField' has been changed successfully. <<1727394844041
BIP9326I<<The source 'CreateFieldproject.generated.bar' has been successfully deployed. <<1727394844041
SSL_remote>>mybroker>>myserver2>>WARNING>>1727460114561
BIP3135S<<An exception occurred while starting the HTTPSConnector. Exception text is 'No keystore configured'. <<1727460114561
BIP9320E<<Message Flow 'SSL_remote_mf', 'SSL_remote_mf' encountered a failure and could not start. <<1727460114561
BIP3135S<<An exception occurred while starting the HTTPSConnector. Exception text is 'No keystore configured'. <<1727460114561
BIP9333W<<Application 'SSL_remote' has been created but contains errors which has prevented some resources from starting. <<1727460114561
BIP1096E<<The source 'SSL_remoteproject.generated.bar' has been deployed but there were one or more failures which may mean the deployed resources will be unable to execute. <<1727460114561
BusinessTransactionMonitoring>>mybroker>>myserver2>>SUCCESS>>1727461261049
BIP9332I<<Application 'BusinessTransactionMonitoring' has been created successfully. <<1727461261049
BIP9326I<<The source 'BusinessTransactionMonitoringproject.generated.bar' has been successfully deployed. <<1727461261049
BusinessTransactionMonitoring>>mybroker>>myserver2>>SUCCESS>>1727468618378
BIP9332I<<Application 'BusinessTransactionMonitoring' has been created successfully. <<1727468618378
BIP9326I<<The source 'BusinessTransactionMonitoringproject.generated.bar' has been successfully deployed. <<1727468618378
BusinessTransactionMonitoring>>mybroker>>myserver2>>SUCCESS>>1727713539694
BIP9332I<<Application 'BusinessTransactionMonitoring' has been changed successfully. <<1727713539694
BIP9326I<<The source 'BusinessTransactionMonitoringproject.generated.bar' has been successfully deployed. <<1727713539694
BusinessTransactionMonitoring>>mybroker>>myserver2>>ERROR>>1727714099755
BusinessTransactionMonitoring>>mybroker>>myserver2>>ERROR>>1727714149856
BusinessTransactionMonitoring>>mybroker>>myserver2>>ERROR>>1727714167007
BusinessTransactionMonitoring>>mybroker>>myserver2>>ERROR>>1727714934197
SecurityProfile>>mybroker3>>serv1>>ERROR>>1727725643221
SecurityProfile>>mybroker2>>myserver1>>WARNING>>1727726854724
BIP9320E<<Message Flow 'SecurityProfile_mf', 'SecurityProfile_mf' encountered a failure and could not start. <<1727726854724
BIP2705W<<The identity provider 'local' does not exist. <<1727726854724
BIP9333W<<Application 'SecurityProfile' has been created but contains errors which has prevented some resources from starting. <<1727726854724
BIP1096E<<The source 'SecurityProfileproject.generated.bar' has been deployed but there were one or more failures which may mean the deployed resources will be unable to execute. <<1727726854724
SecurityPolicy>>mybroker2>>myserver1>>SUCCESS>>1727726881898
BIP9332I<<PolicyProject 'SecurityPolicy' has been created successfully. <<1727726881898
BIP9326I<<The source 'SecurityPolicyproject.generated.bar' has been successfully deployed. <<1727726881898
SecurityProfile>>mybroker2>>myserver1>>WARNING>>1727726894390
BIP9320E<<Message Flow 'SecurityProfile_mf', 'SecurityProfile_mf' encountered a failure and could not start. <<1727726894390
BIP2705W<<The identity provider 'local' does not exist. <<1727726894390
BIP9333W<<Application 'SecurityProfile' has been changed but contains errors which has prevented some resources from starting. <<1727726894390
BIP1096E<<The source 'SecurityProfileproject.generated.bar' has been deployed but there were one or more failures which may mean the deployed resources will be unable to execute. <<1727726894390
SecurityPolicy>>mybroker2>>myserver1>>SUCCESS>>1727727073554
BIP9332I<<PolicyProject 'SecurityPolicy' has been created successfully. <<1727727073554
BIP9326I<<The source 'SecurityPolicyproject.generated.bar' has been successfully deployed. <<1727727073554
SecurityProfile>>mybroker2>>myserver1>>WARNING>>1727727090073
BIP9320E<<Message Flow 'SecurityProfile_mf', 'SecurityProfile_mf' encountered a failure and could not start. <<1727727090073
BIP2705W<<The identity provider 'local' does not exist. <<1727727090073
BIP9333W<<Application 'SecurityProfile' has been created but contains errors which has prevented some resources from starting. <<1727727090073
BIP1096E<<The source 'SecurityProfileproject.generated.bar' has been deployed but there were one or more failures which may mean the deployed resources will be unable to execute. <<1727727090073
SecurityPolicy>>mybroker2>>myserver1>>SUCCESS>>1727727443158
BIP9332I<<PolicyProject 'SecurityPolicy' has been created successfully. <<1727727443158
BIP9326I<<The source 'SecurityPolicyproject.generated.bar' has been successfully deployed. <<1727727443158
SecurityProfile>>mybroker2>>myserver1>>WARNING>>1727727459553
BIP9320E<<Message Flow 'SecurityProfile_mf', 'SecurityProfile_mf' encountered a failure and could not start. <<1727727459553
BIP2705W<<The identity provider 'local' does not exist. <<1727727459553
BIP9333W<<Application 'SecurityProfile' has been created but contains errors which has prevented some resources from starting. <<1727727459553
BIP1096E<<The source 'SecurityProfileproject.generated.bar' has been deployed but there were one or more failures which may mean the deployed resources will be unable to execute. <<1727727459553
SecurityProfile>>mybroker2>>myserver1>>SUCCESS>>1727734398471
BIP9332I<<PolicyProject 'SecurityProfile' has been created successfully. <<1727734398471
BIP9326I<<The source 'SecurityProfileproject.generated.bar' has been successfully deployed. <<1727734398471
SecurityProfile2>>mybroker2>>myserver1>>WARNING>>1727734413348
BIP9320E<<Message Flow 'SecurityProfile2_mf', 'SecurityProfile2_mf' encountered a failure and could not start. <<1727734413348
BIP2730W<<The 'Local' security provider for security profile '{SecurityProfile}:SecurityProfile' in message flow 'SecurityProfile2_mf' could not be created. <<1727734413348
BIP9861E<<Creation of the local security provider failed. The credential 'test' of type 'local' was not found. <<1727734413348
BIP9333W<<Application 'SecurityProfile2' has been created but contains errors which has prevented some resources from starting. <<1727734413348
BIP1096E<<The source 'SecurityProfile2project.generated.bar' has been deployed but there were one or more failures which may mean the deployed resources will be unable to execute. <<1727734413348
SecurityProfile2>>mybroker2>>myserver1>>WARNING>>1727734480772
BIP9320E<<Message Flow 'SecurityProfile2_mf', 'SecurityProfile2_mf' encountered a failure and could not start. <<1727734480772
BIP2730W<<The 'Local' security provider for security profile '{SecurityProfile}:SecurityProfile' in message flow 'SecurityProfile2_mf' could not be created. <<1727734480772
BIP9861E<<Creation of the local security provider failed. The credential 'test' of type 'local' was not found. <<1727734480772
BIP9333W<<Application 'SecurityProfile2' has been changed but contains errors which has prevented some resources from starting. <<1727734480772
BIP1096E<<The source 'SecurityProfile2project.generated.bar' has been deployed but there were one or more failures which may mean the deployed resources will be unable to execute. <<1727734480772
SecurityProfile>>mybroker4>>myserver1>>SUCCESS>>1727735649364
BIP9332I<<PolicyProject 'SecurityProfile' has been created successfully. <<1727735649364
BIP9326I<<The source 'SecurityProfileproject.generated.bar' has been successfully deployed. <<1727735649364
SecurityProfile2>>mybroker4>>myserver1>>WARNING>>1727735660556
BIP9320E<<Message Flow 'SecurityProfile2_mf', 'SecurityProfile2_mf' encountered a failure and could not start. <<1727735660556
BIP2730W<<The 'Local' security provider for security profile '{SecurityProfile}:SecurityProfile' in message flow 'SecurityProfile2_mf' could not be created. <<1727735660556
BIP9861E<<Creation of the local security provider failed. The credential 'test' of type 'local' was not found. <<1727735660556
BIP9333W<<Application 'SecurityProfile2' has been created but contains errors which has prevented some resources from starting. <<1727735660556
BIP1096E<<The source 'SecurityProfile2project.generated.bar' has been deployed but there were one or more failures which may mean the deployed resources will be unable to execute. <<1727735660556
SecurityProfile2>>mybroker4>>myserver1>>WARNING>>1727735870575
BIP9320E<<Message Flow 'SecurityProfile2_mf', 'SecurityProfile2_mf' encountered a failure and could not start. <<1727735870575
BIP2730W<<The 'Local' security provider for security profile '{SecurityProfile}:SecurityProfile' in message flow 'SecurityProfile2_mf' could not be created. <<1727735870575
BIP9861E<<Creation of the local security provider failed. The credential 'test' of type 'local' was not found. <<1727735870575
BIP9333W<<Application 'SecurityProfile2' has been changed but contains errors which has prevented some resources from starting. <<1727735870575
BIP1096E<<The source 'SecurityProfile2project.generated.bar' has been deployed but there were one or more failures which may mean the deployed resources will be unable to execute. <<1727735870575
LoopbackUsingMongoDB>>mybroker4>>myserver1>>SUCCESS>>1727739987677
BIP9332I<<Application 'LoopbackUsingMongoDB' has been created successfully. <<1727739987677
BIP9326I<<The source 'LoopbackUsingMongoDBproject.generated.bar' has been successfully deployed. <<1727739987677
LoopbackUsingMongoDB>>mybroker4>>myserver1>>SUCCESS>>1727740843285
BIP9332I<<Application 'LoopbackUsingMongoDB' has been changed successfully. <<1727740843285
BIP9326I<<The source 'LoopbackUsingMongoDBproject.generated.bar' has been successfully deployed. <<1727740843285
LoopbackUsingMongoDB>>mybroker2>>myserver1>>SUCCESS>>1727742051688
BIP9332I<<Application 'LoopbackUsingMongoDB' has been created successfully. <<1727742051688
BIP9326I<<The source 'LoopbackUsingMongoDBproject.generated.bar' has been successfully deployed. <<1727742051688
LoopbackUsingMongoDB>>mybroker4>>myserver1>>SUCCESS>>1727742541421
BIP9332I<<Application 'LoopbackUsingMongoDB' has been changed successfully. <<1727742541421
BIP9326I<<The source 'LoopbackUsingMongoDBproject.generated.bar' has been successfully deployed. <<1727742541421
LoopbackUsingMongoDB>>mybroker4>>myserver1>>SUCCESS>>1727742760983
BIP9332I<<Application 'LoopbackUsingMongoDB' has been changed successfully. <<1727742760983
BIP9326I<<The source 'LoopbackUsingMongoDBproject.generated.bar' has been successfully deployed. <<1727742760983
LoopbackUsingMongoDB>>mybroker4>>myserver1>>SUCCESS>>1727742896962
BIP9332I<<Application 'LoopbackUsingMongoDB' has been changed successfully. <<1727742896962
BIP9326I<<The source 'LoopbackUsingMongoDBproject.generated.bar' has been successfully deployed. <<1727742896962
LoopbackUsingMongoDB>>mybroker4>>myserver1>>SUCCESS>>1727743073976
BIP9332I<<Application 'LoopbackUsingMongoDB' has been changed successfully. <<1727743073976
BIP9326I<<The source 'LoopbackUsingMongoDBproject.generated.bar' has been successfully deployed. <<1727743073976
LoopbackUsingMongoDB>>mybroker4>>myserver1>>SUCCESS>>1727743310995
BIP9332I<<Application 'LoopbackUsingMongoDB' has been changed successfully. <<1727743310995
BIP9326I<<The source 'LoopbackUsingMongoDBproject.generated.bar' has been successfully deployed. <<1727743310995
LoopbackUsingMongoDB>>mybroker4>>myserver1>>SUCCESS>>1727743334074
BIP9332I<<Application 'LoopbackUsingMongoDB' has been changed successfully. <<1727743334074
BIP9326I<<The source 'LoopbackUsingMongoDBproject.generated.bar' has been successfully deployed. <<1727743334074
LoopbackUsingMongoDB>>mybroker4>>myserver1>>SUCCESS>>1727800763885
BIP9332I<<Application 'LoopbackUsingMongoDB' has been created successfully. <<1727800763885
BIP9326I<<The source 'LoopbackUsingMongoDBproject.generated.bar' has been successfully deployed. <<1727800763885
LoopbackUsingMongoDB>>mybroker4>>myserver1>>SUCCESS>>1727802381345
BIP9332I<<Application 'LoopbackUsingMongoDB' has been changed successfully. <<1727802381345
BIP9326I<<The source 'LoopbackUsingMongoDBproject.generated.bar' has been successfully deployed. <<1727802381345
LoopbackUsingMongoDB>>mybroker4>>myserver1>>SUCCESS>>1727802406639
BIP9332I<<Application 'LoopbackUsingMongoDB' has been changed successfully. <<1727802406639
BIP9326I<<The source 'LoopbackUsingMongoDBproject.generated.bar' has been successfully deployed. <<1727802406639
LoopbackUsingMongoDBRetrieve>>mybroker4>>myserver1>>SUCCESS>>1727803422111
BIP9332I<<Application 'LoopbackUsingMongoDBRetrieve' has been created successfully. <<1727803422111
BIP9326I<<The source 'LoopbackUsingMongoDBRetrieveproject.generated.bar' has been successfully deployed. <<1727803422111
LoopbackUsingMongoDBCreate>>mybroker4>>myserver1>>SUCCESS>>1727803747108
BIP9332I<<Application 'LoopbackUsingMongoDBCreate' has been created successfully. <<1727803747108
BIP9326I<<The source 'LoopbackUsingMongoDBCreateproject.generated.bar' has been successfully deployed. <<1727803747108
LoopbackUsingMongoDBCreate>>mybroker4>>myserver1>>SUCCESS>>1727803864079
BIP9332I<<Application 'LoopbackUsingMongoDBCreate' has been changed successfully. <<1727803864079
BIP9326I<<The source 'LoopbackUsingMongoDBCreateproject.generated.bar' has been successfully deployed. <<1727803864079
LoopbackUsingMongoDBCreate>>mybroker4>>myserver1>>SUCCESS>>1727803899799
BIP9332I<<Application 'LoopbackUsingMongoDBCreate' has been changed successfully. <<1727803899799
BIP9326I<<The source 'LoopbackUsingMongoDBCreateproject.generated.bar' has been successfully deployed. <<1727803899799
LoopbackUsingMongoDBCreate>>mybroker4>>myserver1>>SUCCESS>>1727804047451
BIP9332I<<Application 'LoopbackUsingMongoDBCreate' has been changed successfully. <<1727804047451
BIP9326I<<The source 'LoopbackUsingMongoDBCreateproject.generated.bar' has been successfully deployed. <<1727804047451
LoopbackUsingMongoDBCreate>>mybroker4>>myserver1>>SUCCESS>>1727804289278
BIP9332I<<Application 'LoopbackUsingMongoDBCreate' has been changed successfully. <<1727804289278
BIP9326I<<The source 'LoopbackUsingMongoDBCreateproject.generated.bar' has been successfully deployed. <<1727804289278
LoopbackUsingMongoDBCreate>>mybroker4>>myserver1>>SUCCESS>>1727804609186
BIP9332I<<Application 'LoopbackUsingMongoDBCreate' has been changed successfully. <<1727804609186
BIP9326I<<The source 'LoopbackUsingMongoDBCreateproject.generated.bar' has been successfully deployed. <<1727804609186
LoopbackUsingMongoDBDelete>>mybroker4>>myserver1>>SUCCESS>>1727805028292
BIP9332I<<Application 'LoopbackUsingMongoDBDelete' has been created successfully. <<1727805028292
BIP9326I<<The source 'LoopbackUsingMongoDBDeleteproject.generated.bar' has been successfully deployed. <<1727805028292
LoopbackUsingMongoDBUpdate>>mybroker4>>myserver1>>SUCCESS>>1727805773426
BIP9332I<<Application 'LoopbackUsingMongoDBUpdate' has been created successfully. <<1727805773426
BIP9326I<<The source 'LoopbackUsingMongoDBUpdateproject.generated.bar' has been successfully deployed. <<1727805773426
LoopbackUsingMongoDBUpdate>>mybroker4>>myserver1>>SUCCESS>>1727806073108
BIP9332I<<Application 'LoopbackUsingMongoDBUpdate' has been changed successfully. <<1727806073108
BIP9326I<<The source 'LoopbackUsingMongoDBUpdateproject.generated.bar' has been successfully deployed. <<1727806073108
LoopbackUsingMongoDB>>mybroker4>>myserver1>>SUCCESS>>1727806283972
BIP9332I<<Application 'LoopbackUsingMongoDB' has been created successfully. <<1727806283972
BIP9326I<<The source 'LoopbackUsingMongoDBproject.generated.bar' has been successfully deployed. <<1727806283972
LoopbackUsingMongoDB>>mybroker4>>myserver1>>SUCCESS>>1727806393925
BIP9332I<<Application 'LoopbackUsingMongoDB' has been created successfully. <<1727806393925
BIP9326I<<The source 'LoopbackUsingMongoDBproject.generated.bar' has been successfully deployed. <<1727806393925
LoopbackUsingMongoDBDelete>>mybroker4>>myserver1>>SUCCESS>>1727806941135
BIP9332I<<Application 'LoopbackUsingMongoDBDelete' has been created successfully. <<1727806941135
BIP9326I<<The source 'LoopbackUsingMongoDBDeleteproject.generated.bar' has been successfully deployed. <<1727806941135
LoopbackUsingMongoDBDelete>>mybroker4>>myserver1>>SUCCESS>>1727807035690
BIP9332I<<Application 'LoopbackUsingMongoDBDelete' has been changed successfully. <<1727807035690
BIP9326I<<The source 'LoopbackUsingMongoDBDeleteproject.generated.bar' has been successfully deployed. <<1727807035690
LoopbackUsingMongoDBCreate>>mybroker4>>myserver1>>SUCCESS>>1727811877462
BIP9332I<<Application 'LoopbackUsingMongoDBCreate' has been created successfully. <<1727811877462
BIP9326I<<The source 'LoopbackUsingMongoDBCreateproject.generated.bar' has been successfully deployed. <<1727811877462
LoopbackUsingMongoDBCreate>>mybroker4>>myserver1>>SUCCESS>>1727811993963
BIP9332I<<Application 'LoopbackUsingMongoDBCreate' has been changed successfully. <<1727811993963
BIP9326I<<The source 'LoopbackUsingMongoDBCreateproject.generated.bar' has been successfully deployed. <<1727811993963
LoopbackUsingMongoDBCreate>>mybroker4>>myserver1>>SUCCESS>>1727812132114
BIP9332I<<Application 'LoopbackUsingMongoDBCreate' has been changed successfully. <<1727812132114
BIP9326I<<The source 'LoopbackUsingMongoDBCreateproject.generated.bar' has been successfully deployed. <<1727812132114
LoopbackUsingMongoDBDelete>>mybroker4>>myserver1>>SUCCESS>>1727812176734
BIP9332I<<Application 'LoopbackUsingMongoDBDelete' has been created successfully. <<1727812176734
BIP9326I<<The source 'LoopbackUsingMongoDBDeleteproject.generated.bar' has been successfully deployed. <<1727812176734
LoopbackUsingMongoDBCreate>>mybroker4>>myserver1>>SUCCESS>>1727812443089
BIP9332I<<Application 'LoopbackUsingMongoDBCreate' has been created successfully. <<1727812443089
BIP9326I<<The source 'LoopbackUsingMongoDBCreateproject.generated.bar' has been successfully deployed. <<1727812443089
LoopbackUsingMongoDBCreate>>mybroker4>>myserver1>>SUCCESS>>1727812502768
BIP9332I<<Application 'LoopbackUsingMongoDBCreate' has been created successfully. <<1727812502768
BIP9326I<<The source 'LoopbackUsingMongoDBCreateproject.generated.bar' has been successfully deployed. <<1727812502768
LoopbackUsingMongoDBRetrieve>>mybroker4>>myserver1>>SUCCESS>>1727814201716
BIP9332I<<Application 'LoopbackUsingMongoDBRetrieve' has been created successfully. <<1727814201716
BIP9326I<<The source 'LoopbackUsingMongoDBRetrieveproject.generated.bar' has been successfully deployed. <<1727814201716
SMTPPolicy>>mybroker4>>myserver1>>SUCCESS>>1727827900714
BIP9332I<<PolicyProject 'SMTPPolicy' has been created successfully. <<1727827900714
BIP9326I<<The source 'SMTPPolicyproject.generated.bar' has been successfully deployed. <<1727827900714
EmaliNodes>>mybroker4>>myserver1>>SUCCESS>>1727827960312
BIP9332I<<Application 'EmaliNodes' has been created successfully. <<1727827960312
BIP9326I<<The source 'EmaliNodesproject.generated.bar' has been successfully deployed. <<1727827960312
SMTPPolicy2>>mybroker4>>myserver1>>SUCCESS>>1727829095888
BIP9332I<<PolicyProject 'SMTPPolicy2' has been created successfully. <<1727829095888
BIP9326I<<The source 'SMTPPolicy2project.generated.bar' has been successfully deployed. <<1727829095888
EmailNode2>>mybroker4>>myserver1>>SUCCESS>>1727829107099
BIP9332I<<Application 'EmailNode2' has been created successfully. <<1727829107099
BIP9326I<<The source 'EmailNode2project.generated.bar' has been successfully deployed. <<1727829107099
